#
# A fatal error has been detected by the Java Runtime Environment:
#
#  SIGSEGV (0xb) at pc=0x00007f2c69095188, pid=23327, tid=139827849668352
#
# JRE version: 7.0_21-b02
# Java VM: OpenJDK 64-Bit Server VM (23.7-b01 mixed mode linux-amd64 compressed oops)
# Problematic frame:
# V  [libjvm.so+0x543188]  jni_SetIntArrayRegion+0x88
#
# Failed to write core dump. Core dumps have been disabled. To enable core dumping, try "ulimit -c unlimited" before starting Java again
#
# If you would like to submit a bug report, please include
# instructions on how to reproduce the bug and visit:
#   http://icedtea.classpath.org/bugzilla
#

---------------  T H R E A D  ---------------

Current thread (0x0000000001a5d000):  JavaThread "Timer-0" daemon [_thread_in_vm, id=23348, stack(0x00007f2c353f2000,0x00007f2c354f3000)]

siginfo:si_signo=SIGSEGV: si_errno=0, si_code=1 (SEGV_MAPERR), si_addr=0x0000000000000000

Registers:
RAX=0x00007f2c693bd908, RBX=0x0000000001a5d000, RCX=0x0000000000000002, RDX=0x0000000000000002
RSP=0x00007f2c354f1560, RBP=0x00007f2c354f15e0, RSI=0x0000000000000006, RDI=0x0000000001a5d000
R8 =0x00007f2c354f15f0, R9 =0x00007f2c693d8834, R10=0x00007f2c69e9427a, R11=0x0000000000000000
R12=0x0000000000000002, R13=0x0000000000000000, R14=0x0000000001a5d1d8, R15=0x0000000000000000
RIP=0x00007f2c69095188, EFLAGS=0x0000000000010293, CSGSFS=0x0000000000000033, ERR=0x0000000000000004
  TRAPNO=0x000000000000000e

Top of Stack: (sp=0x00007f2c354f1560)
0x00007f2c354f1560:   0000000001a5d1d8 00007f2c354f15f0
0x00007f2c354f1570:   0000000000000000 0000000000000012
0x00007f2c354f1580:   0000000001a5d000 00007f2c6909356d
0x00007f2c354f1590:   0000000001a5d000 00007f2c3c0b0698
0x00007f2c354f15a0:   00000000000000b6 00007f2c693bd908
0x00007f2c354f15b0:   00007f2c000001d1 0000000001a5d1d8
0x00007f2c354f15c0:   0000000000000000 00007f2c354f16e8
0x00007f2c354f15d0:   0000000000000000 0000000000000012
0x00007f2c354f15e0:   00007f2c354f1650 00007f2c63be148e
0x00007f2c354f15f0:   0000000e00000000 00007f2c609c2333
0x00007f2c354f1600:   0000000700000001 0000000000000000
0x00007f2c354f1610:   0000000000000000 00007f2c354f1618
0x00007f2c354f1620:   0000000775bad641 000000077660d498
0x00007f2c354f1630:   0000000000000000 000000077660d498
0x00007f2c354f1640:   00007f2c354f16e8 0000000001a5d000
0x00007f2c354f1650:   00007f2c354f16b8 00007f2c609cdf90
0x00007f2c354f1660:   00007f2c609c2333 0000000000000000
0x00007f2c354f1670:   0000000000000000 00007f2c354f1678
0x00007f2c354f1680:   000000077660d498 00007f2c354f16e8
0x00007f2c354f1690:   0000000776616ea0 0000000000000000
0x00007f2c354f16a0:   000000077660d498 0000000000000000
0x00007f2c354f16b0:   00007f2c354f16d8 00007f2c354f1730
0x00007f2c354f16c0:   00007f2c609c2333 00000007800767b8
0x00007f2c354f16d0:   00007f2c609caddb 0000000000000000
0x00007f2c354f16e0:   0000000000000180 00000007e38fe610
0x00007f2c354f16f0:   00007f2c354f16f0 000000077660d157
0x00007f2c354f1700:   00007f2c354f1788 0000000776616ea0
0x00007f2c354f1710:   0000000000000000 000000077660d258
0x00007f2c354f1720:   00007f2c354f16d8 00007f2c354f1780
0x00007f2c354f1730:   00007f2c354f17f0 00007f2c609c2450
0x00007f2c354f1740:   0000000000000180 0000000000000000
0x00007f2c354f1750:   0000000000000032 0000000000000000 

Instructions: (pc=0x00007f2c69095188)
0x00007f2c69095168:   48 83 7b 08 00 48 89 5d b0 48 c7 45 b8 00 00 00
0x00007f2c69095178:   00 74 09 48 8d 7d b0 e8 1c f9 1f 00 90 44 89 e2
0x00007f2c69095188:   49 8b 07 c1 ea 1f 84 d2 75 0a 44 89 ea c1 ea 1f
0x00007f2c69095198:   84 d2 74 6c 48 8b 05 fd e4 72 00 48 8d 35 0e 2c 

Register to memory mapping:

RAX=0x00007f2c693bd908: <offset 0x86b908> in /usr/lib64/jvm/java-1.7.0-openjdk-1.7.0/jre/lib/amd64/server/libjvm.so at 0x00007f2c68b52000
RBX=0x0000000001a5d000 is a thread
RCX=0x0000000000000002 is an unknown value
RDX=0x0000000000000002 is an unknown value
RSP=0x00007f2c354f1560 is pointing into the stack for thread: 0x0000000001a5d000
RBP=0x00007f2c354f15e0 is pointing into the stack for thread: 0x0000000001a5d000
RSI=0x0000000000000006 is an unknown value
RDI=0x0000000001a5d000 is a thread
R8 =0x00007f2c354f15f0 is pointing into the stack for thread: 0x0000000001a5d000
R9 =0x00007f2c693d8834: <offset 0x886834> in /usr/lib64/jvm/java-1.7.0-openjdk-1.7.0/jre/lib/amd64/server/libjvm.so at 0x00007f2c68b52000
R10=0x00007f2c69e9427a: _IO_vfprintf+0x4cea in /lib64/libc.so.6 at 0x00007f2c69e4b000
R11=0x0000000000000000 is an unknown value
R12=0x0000000000000002 is an unknown value
R13=0x0000000000000000 is an unknown value
R14=0x0000000001a5d1d8 is an unknown value
R15=0x0000000000000000 is an unknown value


Stack: [0x00007f2c353f2000,0x00007f2c354f3000],  sp=0x00007f2c354f1560,  free space=1021k
Native frames: (J=compiled Java code, j=interpreted, Vv=VM code, C=native code)
V  [libjvm.so+0x543188]  jni_SetIntArrayRegion+0x88
C  [libjava.so+0x1c48e]  Java_java_util_prefs_FileSystemPreferences_lockFile0+0xfe
j  java.util.prefs.FileSystemPreferences.lockFile0(Ljava/lang/String;IZ)[I+0
j  java.util.prefs.FileSystemPreferences.lockFile(Z)Z+63
j  java.util.prefs.FileSystemPreferences.sync()V+47
j  java.util.prefs.FileSystemPreferences.flush()V+9
j  java.util.prefs.FileSystemPreferences.syncWorld()V+29
j  java.util.prefs.FileSystemPreferences.access$1200()V+0
j  java.util.prefs.FileSystemPreferences$3.run()V+0
j  java.util.TimerThread.mainLoop()V+221
j  java.util.TimerThread.run()V+1
v  ~StubRoutines::call_stub
V  [libjvm.so+0x52184e]  JavaCalls::call_helper(JavaValue*, methodHandle*, JavaCallArguments*, Thread*)+0x2fe
V  [libjvm.so+0x520b31]  JavaCalls::call_virtual(JavaValue*, KlassHandle, Symbol*, Symbol*, JavaCallArguments*, Thread*)+0x1d1
V  [libjvm.so+0x520b8f]  JavaCalls::call_virtual(JavaValue*, Handle, KlassHandle, Symbol*, Symbol*, Thread*)+0x4f
V  [libjvm.so+0x55eebd]  thread_entry(JavaThread*, Thread*)+0xbd
V  [libjvm.so+0x811ef6]  JavaThread::thread_main_inner()+0x1f6
V  [libjvm.so+0x6f7182]  java_start(Thread*)+0xf2

Java frames: (J=compiled Java code, j=interpreted, Vv=VM code)
j  java.util.prefs.FileSystemPreferences.lockFile0(Ljava/lang/String;IZ)[I+0
j  java.util.prefs.FileSystemPreferences.lockFile(Z)Z+63
j  java.util.prefs.FileSystemPreferences.sync()V+47
j  java.util.prefs.FileSystemPreferences.flush()V+9
j  java.util.prefs.FileSystemPreferences.syncWorld()V+29
j  java.util.prefs.FileSystemPreferences.access$1200()V+0
j  java.util.prefs.FileSystemPreferences$3.run()V+0
j  java.util.TimerThread.mainLoop()V+221
j  java.util.TimerThread.run()V+1
v  ~StubRoutines::call_stub

---------------  P R O C E S S  ---------------

Java Threads: ( => current thread )
  0x00007f2c2c011000 JavaThread "Image Fetcher 0" daemon [_thread_blocked, id=1292, stack(0x00007f2c343ff000,0x00007f2c34500000)]
  0x0000000001e67800 JavaThread "Thread-47" [_thread_blocked, id=31557, stack(0x00007f2c354f3000,0x00007f2c355f4000)]
  0x00007f2c64007000 JavaThread "DestroyJavaVM" [_thread_blocked, id=23328, stack(0x00007f2c6a547000,0x00007f2c6a648000)]
  0x0000000001d22800 JavaThread "TimerQueue" daemon [_thread_blocked, id=23367, stack(0x00007f2c34ec7000,0x00007f2c34fc8000)]
=>0x0000000001a5d000 JavaThread "Timer-0" daemon [_thread_in_vm, id=23348, stack(0x00007f2c353f2000,0x00007f2c354f3000)]
  0x00007f2c64396800 JavaThread "AWT-EventQueue-0" [_thread_blocked, id=23345, stack(0x00007f2c356f5000,0x00007f2c357f6000)]
  0x00007f2c64395000 JavaThread "AWT-Shutdown" [_thread_blocked, id=23344, stack(0x00007f2c357f6000,0x00007f2c358f7000)]
  0x00007f2c64377800 JavaThread "AWT-XAWT" daemon [_thread_in_native, id=23340, stack(0x00007f2c4c0bf000,0x00007f2c4c1c0000)]
  0x00007f2c64342000 JavaThread "Java2D Disposer" daemon [_thread_blocked, id=23339, stack(0x00007f2c58065000,0x00007f2c58166000)]
  0x00007f2c6410d800 JavaThread "Service Thread" daemon [_thread_blocked, id=23337, stack(0x00007f2c59bf9000,0x00007f2c59cfa000)]
  0x00007f2c6410b800 JavaThread "C2 CompilerThread1" daemon [_thread_blocked, id=23336, stack(0x00007f2c59cfa000,0x00007f2c59dfb000)]
  0x00007f2c64108800 JavaThread "C2 CompilerThread0" daemon [_thread_blocked, id=23335, stack(0x00007f2c59dfb000,0x00007f2c59efc000)]
  0x00007f2c64106000 JavaThread "Signal Dispatcher" daemon [_thread_blocked, id=23334, stack(0x00007f2c59efc000,0x00007f2c59ffd000)]
  0x00007f2c640ac000 JavaThread "Finalizer" daemon [_thread_blocked, id=23333, stack(0x00007f2c5a12d000,0x00007f2c5a22e000)]
  0x00007f2c640a9800 JavaThread "Reference Handler" daemon [_thread_blocked, id=23332, stack(0x00007f2c4f9cf000,0x00007f2c4fad0000)]

Other Threads:
  0x00007f2c640a1000 VMThread [stack: 0x00007f2c5a22e000,0x00007f2c5a32f000] [id=23331]
  0x00007f2c64110800 WatcherThread [stack: 0x00007f2c59af8000,0x00007f2c59bf9000] [id=23338]

VM state:synchronizing (normal execution)

VM Mutex/Monitor currently owned by a thread:  ([mutex/lock_event])
[0x00007f2c64005a50] Threads_lock - owner thread: 0x00007f2c640a1000
[0x00007f2c64005f50] Heap_lock - owner thread: 0x00007f2c2c011000

Heap
 PSYoungGen      total 466048K, used 233088K [0x00000007d5560000, 0x0000000800000000, 0x0000000800000000)
  eden space 233088K, 100% used [0x00000007d5560000,0x00000007e3900000,0x00000007e3900000)
  from space 232960K, 0% used [0x00000007e3900000,0x00000007e3900000,0x00000007f1c80000)
  to   space 232960K, 0% used [0x00000007f1c80000,0x00000007f1c80000,0x0000000800000000)
 ParOldGen       total 1398144K, used 1398143K [0x0000000780000000, 0x00000007d5560000, 0x00000007d5560000)
  object space 1398144K, 99% used [0x0000000780000000,0x00000007d555fd70,0x00000007d5560000)
 PSPermGen       total 38656K, used 38342K [0x0000000775a00000, 0x0000000777fc0000, 0x0000000780000000)
  object space 38656K, 99% used [0x0000000775a00000,0x0000000777f718d8,0x0000000777fc0000)

Card table byte_map: [0x00007f2c60568000,0x00007f2c609bc000] byte_map_base: 0x00007f2c5c9bb000

Polling page: 0x00007f2c6a546000

Code Cache  [0x00007f2c609bc000, 0x00007f2c611fc000, 0x00007f2c639bc000)
 total_blobs=3090 nmethods=2475 adapters=565 free_code_cache=40929Kb largest_free_block=41695360

Compilation events (10 events):
Event: 741.254 Thread 0x00007f2c64108800 2697             java.awt.geom.Path2D$Double::cloneCoordsFloat (60 bytes)
Event: 741.258 Thread 0x00007f2c64108800 nmethod 2697 0x00007f2c6103ac10 code [0x00007f2c6103ad60, 0x00007f2c6103afb8]
Event: 746.217 Thread 0x00007f2c6410b800 2698   !         java.awt.EventQueue::postEventPrivate (104 bytes)
Event: 746.230 Thread 0x00007f2c6410b800 nmethod 2698 0x00007f2c61039fd0 code [0x00007f2c6103a180, 0x00007f2c6103a6a0]
Event: 746.407 Thread 0x00007f2c64108800 2699             de.uka.ilkd.key.strategy.termProjection.CoeffGcdProjection::toTerm (87 bytes)
Event: 746.424 Thread 0x00007f2c64108800 nmethod 2699 0x00007f2c611e7210 code [0x00007f2c611e7480, 0x00007f2c611e7e38]
Event: 746.576 Thread 0x00007f2c6410b800 2700             de.uka.ilkd.key.proof.TermTacletAppIndex::createHelp (93 bytes)
Event: 746.593 Thread 0x00007f2c6410b800 nmethod 2700 0x00007f2c61183250 code [0x00007f2c61183460, 0x00007f2c61183e80]
Event: 747.021 Thread 0x00007f2c64108800 2701             de.uka.ilkd.key.proof.BuiltInRuleAppIndex::scanModifiedFormulas (110 bytes)
Event: 747.036 Thread 0x00007f2c64108800 nmethod 2701 0x00007f2c61181d50 code [0x00007f2c61181f80, 0x00007f2c61182730]

GC Heap History (10 events):
Event: 970.248 GC heap before
{Heap before GC invocations=187 (full 68):
 PSYoungGen      total 466048K, used 233087K [0x00000007d5560000, 0x0000000800000000, 0x0000000800000000)
  eden space 233088K, 99% used [0x00000007d5560000,0x00000007e38ffff8,0x00000007e3900000)
  from space 232960K, 0% used [0x00000007e3900000,0x00000007e3900000,0x00000007f1c80000)
  to   space 232960K, 0% used [0x00000007f1c80000,0x00000007f1c80000,0x0000000800000000)
 ParOldGen       total 1398144K, used 1398144K [0x0000000780000000, 0x00000007d5560000, 0x00000007d5560000)
  object space 1398144K, 100% used [0x0000000780000000,0x00000007d5560000,0x00000007d5560000)
 PSPermGen       total 38656K, used 38342K [0x0000000775a00000, 0x0000000777fc0000, 0x0000000780000000)
  object space 38656K, 99% used [0x0000000775a00000,0x0000000777f718d8,0x0000000777fc0000)
Event: 971.595 GC heap after
Heap after GC invocations=187 (full 68):
 PSYoungGen      total 466048K, used 233087K [0x00000007d5560000, 0x0000000800000000, 0x0000000800000000)
  eden space 233088K, 99% used [0x00000007d5560000,0x00000007e38ffff8,0x00000007e3900000)
  from space 232960K, 0% used [0x00000007e3900000,0x00000007e3900000,0x00000007f1c80000)
  to   space 232960K, 0% used [0x00000007f1c80000,0x00000007f1c80000,0x0000000800000000)
 ParOldGen       total 1398144K, used 1398144K [0x0000000780000000, 0x00000007d5560000, 0x00000007d5560000)
  object space 1398144K, 100% used [0x0000000780000000,0x00000007d5560000,0x00000007d5560000)
 PSPermGen       total 38656K, used 38342K [0x0000000775a00000, 0x0000000777fc0000, 0x0000000780000000)
  object space 38656K, 99% used [0x0000000775a00000,0x0000000777f718d8,0x0000000777fc0000)
}
Event: 971.595 GC heap before
{Heap before GC invocations=188 (full 69):
 PSYoungGen      total 466048K, used 233087K [0x00000007d5560000, 0x0000000800000000, 0x0000000800000000)
  eden space 233088K, 99% used [0x00000007d5560000,0x00000007e38ffff8,0x00000007e3900000)
  from space 232960K, 0% used [0x00000007e3900000,0x00000007e3900000,0x00000007f1c80000)
  to   space 232960K, 0% used [0x00000007f1c80000,0x00000007f1c80000,0x0000000800000000)
 ParOldGen       total 1398144K, used 1398144K [0x0000000780000000, 0x00000007d5560000, 0x00000007d5560000)
  object space 1398144K, 100% used [0x0000000780000000,0x00000007d5560000,0x00000007d5560000)
 PSPermGen       total 38656K, used 38342K [0x0000000775a00000, 0x0000000777fc0000, 0x0000000780000000)
  object space 38656K, 99% used [0x0000000775a00000,0x0000000777f718d8,0x0000000777fc0000)
Event: 972.911 GC heap after
Heap after GC invocations=188 (full 69):
 PSYoungGen      total 466048K, used 233087K [0x00000007d5560000, 0x0000000800000000, 0x0000000800000000)
  eden space 233088K, 99% used [0x00000007d5560000,0x00000007e38ffff8,0x00000007e3900000)
  from space 232960K, 0% used [0x00000007e3900000,0x00000007e3900000,0x00000007f1c80000)
  to   space 232960K, 0% used [0x00000007f1c80000,0x00000007f1c80000,0x0000000800000000)
 ParOldGen       total 1398144K, used 1398144K [0x0000000780000000, 0x00000007d5560000, 0x00000007d5560000)
  object space 1398144K, 100% used [0x0000000780000000,0x00000007d5560000,0x00000007d5560000)
 PSPermGen       total 38656K, used 38342K [0x0000000775a00000, 0x0000000777fc0000, 0x0000000780000000)
  object space 38656K, 99% used [0x0000000775a00000,0x0000000777f718d8,0x0000000777fc0000)
}
Event: 972.919 GC heap before
{Heap before GC invocations=189 (full 70):
 PSYoungGen      total 466048K, used 233087K [0x00000007d5560000, 0x0000000800000000, 0x0000000800000000)
  eden space 233088K, 99% used [0x00000007d5560000,0x00000007e38ffff8,0x00000007e3900000)
  from space 232960K, 0% used [0x00000007e3900000,0x00000007e3900000,0x00000007f1c80000)
  to   space 232960K, 0% used [0x00000007f1c80000,0x00000007f1c80000,0x0000000800000000)
 ParOldGen       total 1398144K, used 1398144K [0x0000000780000000, 0x00000007d5560000, 0x00000007d5560000)
  object space 1398144K, 100% used [0x0000000780000000,0x00000007d5560000,0x00000007d5560000)
 PSPermGen       total 38656K, used 38342K [0x0000000775a00000, 0x0000000777fc0000, 0x0000000780000000)
  object space 38656K, 99% used [0x0000000775a00000,0x0000000777f718d8,0x0000000777fc0000)
Event: 974.320 GC heap after
Heap after GC invocations=189 (full 70):
 PSYoungGen      total 466048K, used 233087K [0x00000007d5560000, 0x0000000800000000, 0x0000000800000000)
  eden space 233088K, 99% used [0x00000007d5560000,0x00000007e38ffff8,0x00000007e3900000)
  from space 232960K, 0% used [0x00000007e3900000,0x00000007e3900000,0x00000007f1c80000)
  to   space 232960K, 0% used [0x00000007f1c80000,0x00000007f1c80000,0x0000000800000000)
 ParOldGen       total 1398144K, used 1398144K [0x0000000780000000, 0x00000007d5560000, 0x00000007d5560000)
  object space 1398144K, 100% used [0x0000000780000000,0x00000007d5560000,0x00000007d5560000)
 PSPermGen       total 38656K, used 38342K [0x0000000775a00000, 0x0000000777fc0000, 0x0000000780000000)
  object space 38656K, 99% used [0x0000000775a00000,0x0000000777f718d8,0x0000000777fc0000)
}
Event: 974.320 GC heap before
{Heap before GC invocations=190 (full 71):
 PSYoungGen      total 466048K, used 233087K [0x00000007d5560000, 0x0000000800000000, 0x0000000800000000)
  eden space 233088K, 99% used [0x00000007d5560000,0x00000007e38ffff8,0x00000007e3900000)
  from space 232960K, 0% used [0x00000007e3900000,0x00000007e3900000,0x00000007f1c80000)
  to   space 232960K, 0% used [0x00000007f1c80000,0x00000007f1c80000,0x0000000800000000)
 ParOldGen       total 1398144K, used 1398144K [0x0000000780000000, 0x00000007d5560000, 0x00000007d5560000)
  object space 1398144K, 100% used [0x0000000780000000,0x00000007d5560000,0x00000007d5560000)
 PSPermGen       total 38656K, used 38342K [0x0000000775a00000, 0x0000000777fc0000, 0x0000000780000000)
  object space 38656K, 99% used [0x0000000775a00000,0x0000000777f718d8,0x0000000777fc0000)
Event: 976.174 GC heap after
Heap after GC invocations=190 (full 71):
 PSYoungGen      total 466048K, used 233087K [0x00000007d5560000, 0x0000000800000000, 0x0000000800000000)
  eden space 233088K, 99% used [0x00000007d5560000,0x00000007e38ffff8,0x00000007e3900000)
  from space 232960K, 0% used [0x00000007e3900000,0x00000007e3900000,0x00000007f1c80000)
  to   space 232960K, 0% used [0x00000007f1c80000,0x00000007f1c80000,0x0000000800000000)
 ParOldGen       total 1398144K, used 1398144K [0x0000000780000000, 0x00000007d5560000, 0x00000007d5560000)
  object space 1398144K, 100% used [0x0000000780000000,0x00000007d5560000,0x00000007d5560000)
 PSPermGen       total 38656K, used 38342K [0x0000000775a00000, 0x0000000777fc0000, 0x0000000780000000)
  object space 38656K, 99% used [0x0000000775a00000,0x0000000777f718d8,0x0000000777fc0000)
}
Event: 976.182 GC heap before
{Heap before GC invocations=191 (full 72):
 PSYoungGen      total 466048K, used 233087K [0x00000007d5560000, 0x0000000800000000, 0x0000000800000000)
  eden space 233088K, 99% used [0x00000007d5560000,0x00000007e38ffff8,0x00000007e3900000)
  from space 232960K, 0% used [0x00000007e3900000,0x00000007e3900000,0x00000007f1c80000)
  to   space 232960K, 0% used [0x00000007f1c80000,0x00000007f1c80000,0x0000000800000000)
 ParOldGen       total 1398144K, used 1398144K [0x0000000780000000, 0x00000007d5560000, 0x00000007d5560000)
  object space 1398144K, 100% used [0x0000000780000000,0x00000007d5560000,0x00000007d5560000)
 PSPermGen       total 38656K, used 38342K [0x0000000775a00000, 0x0000000777fc0000, 0x0000000780000000)
  object space 38656K, 99% used [0x0000000775a00000,0x0000000777f718d8,0x0000000777fc0000)
Event: 978.731 GC heap after
Heap after GC invocations=191 (full 72):
 PSYoungGen      total 466048K, used 233086K [0x00000007d5560000, 0x0000000800000000, 0x0000000800000000)
  eden space 233088K, 99% used [0x00000007d5560000,0x00000007e38ff8c0,0x00000007e3900000)
  from space 232960K, 0% used [0x00000007e3900000,0x00000007e3900000,0x00000007f1c80000)
  to   space 232960K, 0% used [0x00000007f1c80000,0x00000007f1c80000,0x0000000800000000)
 ParOldGen       total 1398144K, used 1398143K [0x0000000780000000, 0x00000007d5560000, 0x00000007d5560000)
  object space 1398144K, 99% used [0x0000000780000000,0x00000007d555fd70,0x00000007d5560000)
 PSPermGen       total 38656K, used 38342K [0x0000000775a00000, 0x0000000777fc0000, 0x0000000780000000)
  object space 38656K, 99% used [0x0000000775a00000,0x0000000777f718d8,0x0000000777fc0000)
}

Deoptimization events (10 events):
Event: 717.176 Thread 0x0000000001ed4800 Uncommon trap -34 fr.pc 0x00007f2c6113e664
Event: 717.274 Thread 0x0000000001ed4800 Uncommon trap -34 fr.pc 0x00007f2c6113e664
Event: 717.367 Thread 0x0000000001ed4800 Uncommon trap -34 fr.pc 0x00007f2c6113e664
Event: 717.564 Thread 0x0000000001ed4800 Uncommon trap -34 fr.pc 0x00007f2c60ea0c04
Event: 717.593 Thread 0x0000000001ed4800 Uncommon trap -34 fr.pc 0x00007f2c6113e664
Event: 717.801 Thread 0x0000000001ed4800 Uncommon trap -34 fr.pc 0x00007f2c61138750
Event: 717.939 Thread 0x00007f2c64396800 Uncommon trap -83 fr.pc 0x00007f2c60fe9abc
Event: 717.939 Thread 0x00007f2c64396800 Uncommon trap -12 fr.pc 0x00007f2c611d1ef0
Event: 746.365 Thread 0x0000000001e67800 Uncommon trap -34 fr.pc 0x00007f2c60f89fd0
Event: 746.365 Thread 0x0000000001e67800 Uncommon trap -34 fr.pc 0x00007f2c60f45e40

Internal exceptions (10 events):
Event: 554.236 Thread 0x00007f2c64396800 Threw 0x00000007ec617aa0 at /home/abuild/rpmbuild/BUILD/icedtea-2.3.9/openjdk/hotspot/src/share/vm/prims/jvm.cpp:1166
Event: 705.205 Thread 0x00007f2c64396800 Threw 0x00000007f10c05f0 at /home/abuild/rpmbuild/BUILD/icedtea-2.3.9/openjdk/hotspot/src/share/vm/prims/jni.cpp:742
Event: 717.939 Thread 0x00007f2c64396800 Implicit null exception at 0x00007f2c611d1684 to 0x00007f2c611d1ed9
Event: 723.015 Thread 0x00007f2c64396800 Threw 0x00000007d6755dc8 at /home/abuild/rpmbuild/BUILD/icedtea-2.3.9/openjdk/hotspot/src/share/vm/prims/jni.cpp:742
Event: 726.711 Thread 0x00007f2c64396800 Threw 0x00000007f1b312c0 at /home/abuild/rpmbuild/BUILD/icedtea-2.3.9/openjdk/hotspot/src/share/vm/prims/jni.cpp:742
Event: 928.005 Thread 0x0000000001e67800 Threw 0x0000000775abe030 at /home/abuild/rpmbuild/BUILD/icedtea-2.3.9/openjdk/hotspot/src/share/vm/gc_interface/collectedHeap.inlin
Event: 960.892 Thread 0x00007f2c2c011000 Threw 0x0000000775abe010 at /home/abuild/rpmbuild/BUILD/icedtea-2.3.9/openjdk/hotspot/src/share/vm/gc_interface/collectedHeap.inlin
Event: 972.911 Thread 0x00007f2c64396800 Threw 0x0000000775abdff0 at /home/abuild/rpmbuild/BUILD/icedtea-2.3.9/openjdk/hotspot/src/share/vm/gc_interface/collectedHeap.inlin
Event: 976.175 Thread 0x0000000001a5d000 Threw 0x0000000775abdfd0 at /home/abuild/rpmbuild/BUILD/icedtea-2.3.9/openjdk/hotspot/src/share/vm/gc_interface/collectedHeap.inlin
Event: 978.731 Thread 0x0000000001a5d000 Threw 0x0000000775abbee0 at /home/abuild/rpmbuild/BUILD/icedtea-2.3.9/openjdk/hotspot/src/share/vm/gc_interface/collectedHeap.inlin

Events (10 events):
Event: 970.248 Executing VM operation: ParallelGCFailedAllocation done
Event: 970.248 Executing VM operation: ParallelGCFailedAllocation
Event: 972.911 Executing VM operation: ParallelGCFailedAllocation done
Event: 972.911 Thread 0x00007f2c64396800 DEOPT PACKING pc=0x00007f2c60c0e1e4 sp=0x00007f2c357f2da0
Event: 972.912 Executing VM operation: ParallelGCFailedAllocation
Event: 972.918 Thread 0x00007f2c64396800 DEOPT UNPACKING pc=0x00007f2c609f4f0f sp=0x00007f2c357f2ad8 mode 1
Event: 976.175 Executing VM operation: ParallelGCFailedAllocation done
Event: 976.175 Executing VM operation: ParallelGCFailedAllocation
Event: 978.731 Executing VM operation: ParallelGCFailedAllocation done
Event: 978.731 Executing VM operation: ParallelGCFailedAllocation


Dynamic libraries:
00400000-00401000 r-xp 00000000 08:07 673066                             /usr/lib64/jvm/java-1.7.0-openjdk-1.7.0/jre/bin/java
00600000-00601000 r--p 00000000 08:07 673066                             /usr/lib64/jvm/java-1.7.0-openjdk-1.7.0/jre/bin/java
00601000-00602000 rw-p 00001000 08:07 673066                             /usr/lib64/jvm/java-1.7.0-openjdk-1.7.0/jre/bin/java
01927000-01f0a000 rw-p 00000000 00:00 0                                  [heap]
775a00000-777fc0000 rw-p 00000000 00:00 0 
777fc0000-77a9b0000 ---p 00000000 00:00 0 
77a9b0000-780000000 rw-p 00000000 00:00 0 
780000000-7d5560000 rw-p 00000000 00:00 0 
7d5560000-800000000 rw-p 00000000 00:00 0 
7f2c18000000-7f2c18466000 rw-p 00000000 00:00 0 
7f2c18466000-7f2c1c000000 ---p 00000000 00:00 0 
7f2c1c000000-7f2c1c0b2000 rw-p 00000000 00:00 0 
7f2c1c0b2000-7f2c20000000 ---p 00000000 00:00 0 
7f2c20000000-7f2c20021000 rw-p 00000000 00:00 0 
7f2c20021000-7f2c24000000 ---p 00000000 00:00 0 
7f2c24000000-7f2c2422a000 rw-p 00000000 00:00 0 
7f2c2422a000-7f2c28000000 ---p 00000000 00:00 0 
7f2c28000000-7f2c28021000 rw-p 00000000 00:00 0 
7f2c28021000-7f2c2c000000 ---p 00000000 00:00 0 
7f2c2c000000-7f2c2c3a7000 rw-p 00000000 00:00 0 
7f2c2c3a7000-7f2c30000000 ---p 00000000 00:00 0 
7f2c30000000-7f2c31aac000 rw-p 00000000 00:00 0 
7f2c31aac000-7f2c34000000 ---p 00000000 00:00 0 
7f2c343ff000-7f2c34402000 ---p 00000000 00:00 0 
7f2c34402000-7f2c34500000 rw-p 00000000 00:00 0                          [stack:1292]
7f2c34500000-7f2c34503000 ---p 00000000 00:00 0 
7f2c34503000-7f2c34601000 rw-p 00000000 00:00 0 
7f2c34601000-7f2c34604000 ---p 00000000 00:00 0 
7f2c34604000-7f2c34702000 rw-p 00000000 00:00 0 
7f2c34702000-7f2c34705000 ---p 00000000 00:00 0 
7f2c34705000-7f2c34803000 rw-p 00000000 00:00 0 
7f2c34803000-7f2c34869000 r--p 00000000 08:07 131353                     /var/cache/libx11/compose/l4_030_313cb605_00280cc0
7f2c34869000-7f2c34ec7000 rw-s 00000000 00:04 160825358                  /SYSV00000000 (deleted)
7f2c34ec7000-7f2c34eca000 ---p 00000000 00:00 0 
7f2c34eca000-7f2c34fc8000 rw-p 00000000 00:00 0                          [stack:23367]
7f2c3506c000-7f2c3506f000 r--s 00000000 08:07 148792                     /var/cache/fontconfig/2bf03b535467847c365478f415493282-x86_64.cache-3
7f2c3506f000-7f2c3507a000 r--s 00000000 08:07 148791                     /var/cache/fontconfig/8f02d4cb045bd6ce15663e43f347c9f8-x86_64.cache-3
7f2c3507a000-7f2c35084000 r--s 00000000 08:07 148790                     /var/cache/fontconfig/d2eadfece6187a572cd05e68318efbe0-x86_64.cache-3
7f2c35084000-7f2c35086000 r--s 00000000 08:07 148789                     /var/cache/fontconfig/9046c764dc2991228e881adf8c1b7f46-x86_64.cache-3
7f2c35086000-7f2c35088000 r--s 00000000 08:07 148788                     /var/cache/fontconfig/ecdb0ae0d163bbfb2b1e36ffe572f7d3-x86_64.cache-3
7f2c35088000-7f2c35089000 r--s 00000000 08:07 148787                     /var/cache/fontconfig/77892aee8d1542a17bdf9baacc88a307-x86_64.cache-3
7f2c35089000-7f2c3508b000 r--s 00000000 08:07 148786                     /var/cache/fontconfig/e5ed14aea64339901b166aebae3840d1-x86_64.cache-3
7f2c3508b000-7f2c3508d000 r--s 00000000 08:07 148785                     /var/cache/fontconfig/f18e1a0d9037c8a128283de041cd561c-x86_64.cache-3
7f2c3508d000-7f2c350a8000 r--s 00000000 08:07 148784                     /var/cache/fontconfig/467c019e582ee353435ea5c21d137ef6-x86_64.cache-3
7f2c350a8000-7f2c350b8000 r--s 00000000 08:07 148783                     /var/cache/fontconfig/573380a29a0577b9fa81ed92e885a22d-x86_64.cache-3
7f2c350b8000-7f2c350f2000 r--s 00000000 08:07 168951                     /var/cache/fontconfig/7ef2298fde41cc6eeb7af42e48b7d293-x86_64.cache-3
7f2c350f2000-7f2c3514f000 r--s 00000000 08:07 139015                     /var/cache/fontconfig/17090aa38d5c6f09fb8c5c354938f1d7-x86_64.cache-3
7f2c3514f000-7f2c351ac000 r--s 00000000 08:07 139014                     /var/cache/fontconfig/df311e82a1a24c41a75c2c930223552e-x86_64.cache-3
7f2c351ac000-7f2c351f0000 r-xp 00000000 08:07 670080                     /usr/lib64/jvm/java-1.7.0-openjdk-1.7.0/jre/lib/amd64/libfontmanager.so
7f2c351f0000-7f2c353ef000 ---p 00044000 08:07 670080                     /usr/lib64/jvm/java-1.7.0-openjdk-1.7.0/jre/lib/amd64/libfontmanager.so
7f2c353ef000-7f2c353f1000 r--p 00043000 08:07 670080                     /usr/lib64/jvm/java-1.7.0-openjdk-1.7.0/jre/lib/amd64/libfontmanager.so
7f2c353f1000-7f2c353f2000 rw-p 00045000 08:07 670080                     /usr/lib64/jvm/java-1.7.0-openjdk-1.7.0/jre/lib/amd64/libfontmanager.so
7f2c353f2000-7f2c353f5000 ---p 00000000 00:00 0 
7f2c353f5000-7f2c354f3000 rw-p 00000000 00:00 0                          [stack:23348]
7f2c354f3000-7f2c354f6000 ---p 00000000 00:00 0 
7f2c354f6000-7f2c355f4000 rw-p 00000000 00:00 0                          [stack:31557]
7f2c355f4000-7f2c355f7000 ---p 00000000 00:00 0 
7f2c355f7000-7f2c356f5000 rw-p 00000000 00:00 0 
7f2c356f5000-7f2c356f8000 ---p 00000000 00:00 0 
7f2c356f8000-7f2c357f6000 rw-p 00000000 00:00 0                          [stack:23345]
7f2c357f6000-7f2c357f9000 ---p 00000000 00:00 0 
7f2c357f9000-7f2c358f7000 rw-p 00000000 00:00 0                          [stack:23344]
7f2c358f7000-7f2c358fa000 r-xp 00000000 08:07 393340                     /lib64/libkeyutils.so.1.4
7f2c358fa000-7f2c35af9000 ---p 00003000 08:07 393340                     /lib64/libkeyutils.so.1.4
7f2c35af9000-7f2c35afa000 r--p 00002000 08:07 393340                     /lib64/libkeyutils.so.1.4
7f2c35afa000-7f2c35afb000 rw-p 00003000 08:07 393340                     /lib64/libkeyutils.so.1.4
7f2c35afb000-7f2c35b04000 r-xp 00000000 08:07 690090                     /usr/lib64/libkrb5support.so.0.1
7f2c35b04000-7f2c35d03000 ---p 00009000 08:07 690090                     /usr/lib64/libkrb5support.so.0.1
7f2c35d03000-7f2c35d04000 r--p 00008000 08:07 690090                     /usr/lib64/libkrb5support.so.0.1
7f2c35d04000-7f2c35d05000 rw-p 00009000 08:07 690090                     /usr/lib64/libkrb5support.so.0.1
7f2c35d05000-7f2c35d08000 r-xp 00000000 08:07 662802                     /usr/lib64/libcom_err.so.2.1
7f2c35d08000-7f2c35f07000 ---p 00003000 08:07 662802                     /usr/lib64/libcom_err.so.2.1
7f2c35f07000-7f2c35f08000 r--p 00002000 08:07 662802                     /usr/lib64/libcom_err.so.2.1
7f2c35f08000-7f2c35f09000 rw-p 00003000 08:07 662802                     /usr/lib64/libcom_err.so.2.1
7f2c35f09000-7f2c35f2f000 r-xp 00000000 08:07 656725                     /usr/lib64/libk5crypto.so.3.1
7f2c35f2f000-7f2c3612f000 ---p 00026000 08:07 656725                     /usr/lib64/libk5crypto.so.3.1
7f2c3612f000-7f2c36130000 r--p 00026000 08:07 656725                     /usr/lib64/libk5crypto.so.3.1
7f2c36130000-7f2c36131000 rw-p 00027000 08:07 656725                     /usr/lib64/libk5crypto.so.3.1
7f2c36131000-7f2c36132000 rw-p 00000000 00:00 0 
7f2c36132000-7f2c361fb000 r-xp 00000000 08:07 656873                     /usr/lib64/libkrb5.so.3.3
7f2c361fb000-7f2c363fa000 ---p 000c9000 08:07 656873                     /usr/lib64/libkrb5.so.3.3
7f2c363fa000-7f2c36404000 r--p 000c8000 08:07 656873                     /usr/lib64/libkrb5.so.3.3
7f2c36404000-7f2c36406000 rw-p 000d2000 08:07 656873                     /usr/lib64/libkrb5.so.3.3
7f2c36406000-7f2c3640e000 r-xp 00000000 08:07 656858                     /usr/lib64/libxcb-render.so.0.0.0
7f2c3640e000-7f2c3660e000 ---p 00008000 08:07 656858                     /usr/lib64/libxcb-render.so.0.0.0
7f2c3660e000-7f2c3660f000 r--p 00008000 08:07 656858                     /usr/lib64/libxcb-render.so.0.0.0
7f2c3660f000-7f2c36610000 rw-p 00009000 08:07 656858                     /usr/lib64/libxcb-render.so.0.0.0
7f2c36610000-7f2c36612000 r-xp 00000000 08:07 656647                     /usr/lib64/libxcb-shm.so.0.0.0
7f2c36612000-7f2c36811000 ---p 00002000 08:07 656647                     /usr/lib64/libxcb-shm.so.0.0.0
7f2c36811000-7f2c36812000 r--p 00001000 08:07 656647                     /usr/lib64/libxcb-shm.so.0.0.0
7f2c36812000-7f2c36813000 rw-p 00002000 08:07 656647                     /usr/lib64/libxcb-shm.so.0.0.0
7f2c36813000-7f2c3683b000 r-xp 00000000 08:07 662915                     /usr/lib64/libpng14.so.14.11.0
7f2c3683b000-7f2c36a3a000 ---p 00028000 08:07 662915                     /usr/lib64/libpng14.so.14.11.0
7f2c36a3a000-7f2c36a3b000 r--p 00027000 08:07 662915                     /usr/lib64/libpng14.so.14.11.0
7f2c36a3b000-7f2c36a3c000 rw-p 00028000 08:07 662915                     /usr/lib64/libpng14.so.14.11.0
7f2c36a3c000-7f2c36abc000 r-xp 00000000 08:07 662743                     /usr/lib64/libpixman-1.so.0.24.4
7f2c36abc000-7f2c36cbc000 ---p 00080000 08:07 662743                     /usr/lib64/libpixman-1.so.0.24.4
7f2c36cbc000-7f2c36cc2000 r--p 00080000 08:07 662743                     /usr/lib64/libpixman-1.so.0.24.4
7f2c36cc2000-7f2c36cc3000 rw-p 00086000 08:07 662743                     /usr/lib64/libpixman-1.so.0.24.4
7f2c36cc3000-7f2c36cc6000 r-xp 00000000 08:07 662955                     /usr/lib64/libXau.so.6.0.0
7f2c36cc6000-7f2c36ec5000 ---p 00003000 08:07 662955                     /usr/lib64/libXau.so.6.0.0
7f2c36ec5000-7f2c36ec6000 r--p 00002000 08:07 662955                     /usr/lib64/libXau.so.6.0.0
7f2c36ec6000-7f2c36ec7000 rw-p 00003000 08:07 662955                     /usr/lib64/libXau.so.6.0.0
7f2c36ec7000-7f2c37071000 r-xp 00000000 08:07 393348                     /lib64/libcrypto.so.1.0.0
7f2c37071000-7f2c37270000 ---p 001aa000 08:07 393348                     /lib64/libcrypto.so.1.0.0
7f2c37270000-7f2c3728b000 r--p 001a9000 08:07 393348                     /lib64/libcrypto.so.1.0.0
7f2c3728b000-7f2c37296000 rw-p 001c4000 08:07 393348                     /lib64/libcrypto.so.1.0.0
7f2c37296000-7f2c3729a000 rw-p 00000000 00:00 0 
7f2c3729a000-7f2c372fa000 r-xp 00000000 08:07 413359                     /lib64/libssl.so.1.0.0
7f2c372fa000-7f2c374f9000 ---p 00060000 08:07 413359                     /lib64/libssl.so.1.0.0
7f2c374f9000-7f2c374fd000 r--p 0005f000 08:07 413359                     /lib64/libssl.so.1.0.0
7f2c374fd000-7f2c37503000 rw-p 00063000 08:07 413359                     /lib64/libssl.so.1.0.0
7f2c37503000-7f2c37504000 rw-p 00000000 00:00 0 
7f2c37504000-7f2c37540000 r-xp 00000000 08:07 657542                     /usr/lib64/libgssapi_krb5.so.2.2
7f2c37540000-7f2c37740000 ---p 0003c000 08:07 657542                     /usr/lib64/libgssapi_krb5.so.2.2
7f2c37740000-7f2c37741000 r--p 0003c000 08:07 657542                     /usr/lib64/libgssapi_krb5.so.2.2
7f2c37741000-7f2c37743000 rw-p 0003d000 08:07 657542                     /usr/lib64/libgssapi_krb5.so.2.2
7f2c37743000-7f2c3776a000 r-xp 00000000 08:07 663075                     /usr/lib64/libexpat.so.1.6.0
7f2c3776a000-7f2c3796a000 ---p 00027000 08:07 663075                     /usr/lib64/libexpat.so.1.6.0
7f2c3796a000-7f2c3796c000 r--p 00027000 08:07 663075                     /usr/lib64/libexpat.so.1.6.0
7f2c3796c000-7f2c3796d000 rw-p 00029000 08:07 663075                     /usr/lib64/libexpat.so.1.6.0
7f2c3796d000-7f2c379f4000 r-xp 00000000 08:07 657063                     /usr/lib64/libfreetype.so.6.8.1
7f2c379f4000-7f2c37bf4000 ---p 00087000 08:07 657063                     /usr/lib64/libfreetype.so.6.8.1
7f2c37bf4000-7f2c37bf9000 r--p 00087000 08:07 657063                     /usr/lib64/libfreetype.so.6.8.1
7f2c37bf9000-7f2c37bfa000 rw-p 0008c000 08:07 657063                     /usr/lib64/libfreetype.so.6.8.1
7f2c37bfa000-7f2c37bfc000 r-xp 00000000 08:07 657358                     /usr/lib64/libXdamage.so.1.1.0
7f2c37bfc000-7f2c37dfb000 ---p 00002000 08:07 657358                     /usr/lib64/libXdamage.so.1.1.0
7f2c37dfb000-7f2c37dfc000 r--p 00001000 08:07 657358                     /usr/lib64/libXdamage.so.1.1.0
7f2c37dfc000-7f2c37dfd000 rw-p 00002000 08:07 657358                     /usr/lib64/libXdamage.so.1.1.0
7f2c37dfd000-7f2c37dff000 r-xp 00000000 08:07 657349                     /usr/lib64/libXcomposite.so.1.0.0
7f2c37dff000-7f2c37ffe000 ---p 00002000 08:07 657349                     /usr/lib64/libXcomposite.so.1.0.0
7f2c37ffe000-7f2c37fff000 r--p 00001000 08:07 657349                     /usr/lib64/libXcomposite.so.1.0.0
7f2c37fff000-7f2c38000000 rw-p 00002000 08:07 657349                     /usr/lib64/libXcomposite.so.1.0.0
7f2c38000000-7f2c38021000 rw-p 00000000 00:00 0 
7f2c38021000-7f2c3c000000 ---p 00000000 00:00 0 
7f2c3c000000-7f2c3d5fa000 rw-p 00000000 00:00 0 
7f2c3d5fa000-7f2c40000000 ---p 00000000 00:00 0 
7f2c40000000-7f2c40021000 rw-p 00000000 00:00 0 
7f2c40021000-7f2c44000000 ---p 00000000 00:00 0 
7f2c44000000-7f2c44021000 rw-p 00000000 00:00 0 
7f2c44021000-7f2c48000000 ---p 00000000 00:00 0 
7f2c48000000-7f2c48111000 rw-p 00000000 00:00 0 
7f2c48111000-7f2c4c000000 ---p 00000000 00:00 0 
7f2c4c00a000-7f2c4c00b000 r--s 00000000 08:07 148782                     /var/cache/fontconfig/8cb4ed1bb8bf5538f99e4a6641fad075-x86_64.cache-3
7f2c4c00b000-7f2c4c00c000 r--s 00000000 08:07 148781                     /var/cache/fontconfig/3d950db533f4d42626c39c5c01a7f913-x86_64.cache-3
7f2c4c00c000-7f2c4c019000 r--s 00000000 08:07 148780                     /var/cache/fontconfig/bfb79708dbcbc0941bf341e2bd96af26-x86_64.cache-3
7f2c4c019000-7f2c4c048000 r--s 00000000 08:07 139022                     /var/cache/fontconfig/8d4af663993b81a124ee82e610bb31f9-x86_64.cache-3
7f2c4c0bf000-7f2c4c0c2000 ---p 00000000 00:00 0 
7f2c4c0c2000-7f2c4c1c0000 rw-p 00000000 00:00 0                          [stack:23340]
7f2c4c1c0000-7f2c4c1ca000 r-xp 00000000 08:07 657477                     /usr/lib64/libXcursor.so.1.0.2
7f2c4c1ca000-7f2c4c3c9000 ---p 0000a000 08:07 657477                     /usr/lib64/libXcursor.so.1.0.2
7f2c4c3c9000-7f2c4c3ca000 r--p 00009000 08:07 657477                     /usr/lib64/libXcursor.so.1.0.2
7f2c4c3ca000-7f2c4c3cb000 rw-p 0000a000 08:07 657477                     /usr/lib64/libXcursor.so.1.0.2
7f2c4c3cb000-7f2c4c3d2000 r-xp 00000000 08:07 657521                     /usr/lib64/libXrandr.so.2.2.0
7f2c4c3d2000-7f2c4c5d2000 ---p 00007000 08:07 657521                     /usr/lib64/libXrandr.so.2.2.0
7f2c4c5d2000-7f2c4c5d3000 r--p 00007000 08:07 657521                     /usr/lib64/libXrandr.so.2.2.0
7f2c4c5d3000-7f2c4c5d4000 rw-p 00008000 08:07 657521                     /usr/lib64/libXrandr.so.2.2.0
7f2c4c5d4000-7f2c4c5d6000 r-xp 00000000 08:07 657483                     /usr/lib64/libXinerama.so.1.0.0
7f2c4c5d6000-7f2c4c7d5000 ---p 00002000 08:07 657483                     /usr/lib64/libXinerama.so.1.0.0
7f2c4c7d5000-7f2c4c7d6000 r--p 00001000 08:07 657483                     /usr/lib64/libXinerama.so.1.0.0
7f2c4c7d6000-7f2c4c7d7000 rw-p 00002000 08:07 657483                     /usr/lib64/libXinerama.so.1.0.0
7f2c4c7d7000-7f2c4c802000 r-xp 00000000 08:07 662889                     /usr/lib64/libpangoft2-1.0.so.0.3000.1
7f2c4c802000-7f2c4ca01000 ---p 0002b000 08:07 662889                     /usr/lib64/libpangoft2-1.0.so.0.3000.1
7f2c4ca01000-7f2c4ca02000 r--p 0002a000 08:07 662889                     /usr/lib64/libpangoft2-1.0.so.0.3000.1
7f2c4ca02000-7f2c4ca03000 rw-p 0002b000 08:07 662889                     /usr/lib64/libpangoft2-1.0.so.0.3000.1
7f2c4ca03000-7f2c4caf5000 r-xp 00000000 08:07 662786                     /usr/lib64/libcairo.so.2.11200.2
7f2c4caf5000-7f2c4ccf5000 ---p 000f2000 08:07 662786                     /usr/lib64/libcairo.so.2.11200.2
7f2c4ccf5000-7f2c4ccf8000 r--p 000f2000 08:07 662786                     /usr/lib64/libcairo.so.2.11200.2
7f2c4ccf8000-7f2c4ccf9000 rw-p 000f5000 08:07 662786                     /usr/lib64/libcairo.so.2.11200.2
7f2c4ccf9000-7f2c4ccfb000 rw-p 00000000 00:00 0 
7f2c4ccfb000-7f2c4cd1b000 r-xp 00000000 08:07 666239                     /usr/lib64/libatk-1.0.so.0.20409.1
7f2c4cd1b000-7f2c4cf1b000 ---p 00020000 08:07 666239                     /usr/lib64/libatk-1.0.so.0.20409.1
7f2c4cf1b000-7f2c4cf1d000 r--p 00020000 08:07 666239                     /usr/lib64/libatk-1.0.so.0.20409.1
7f2c4cf1d000-7f2c4cf1e000 rw-p 00022000 08:07 666239                     /usr/lib64/libatk-1.0.so.0.20409.1
7f2c4cf1e000-7f2c4cf23000 r-xp 00000000 08:07 657523                     /usr/lib64/libXfixes.so.3.1.0
7f2c4cf23000-7f2c4d122000 ---p 00005000 08:07 657523                     /usr/lib64/libXfixes.so.3.1.0
7f2c4d122000-7f2c4d123000 r--p 00004000 08:07 657523                     /usr/lib64/libXfixes.so.3.1.0
7f2c4d123000-7f2c4d124000 rw-p 00005000 08:07 657523                     /usr/lib64/libXfixes.so.3.1.0
7f2c4d124000-7f2c4d130000 r-xp 00000000 08:07 662778                     /usr/lib64/libpangocairo-1.0.so.0.3000.1
7f2c4d130000-7f2c4d32f000 ---p 0000c000 08:07 662778                     /usr/lib64/libpangocairo-1.0.so.0.3000.1
7f2c4d32f000-7f2c4d330000 r--p 0000b000 08:07 662778                     /usr/lib64/libpangocairo-1.0.so.0.3000.1
7f2c4d330000-7f2c4d331000 rw-p 0000c000 08:07 662778                     /usr/lib64/libpangocairo-1.0.so.0.3000.1
7f2c4d331000-7f2c4d34f000 r-xp 00000000 08:07 656831                     /usr/lib64/libxcb.so.1.1.0
7f2c4d34f000-7f2c4d54f000 ---p 0001e000 08:07 656831                     /usr/lib64/libxcb.so.1.1.0
7f2c4d54f000-7f2c4d550000 r--p 0001e000 08:07 656831                     /usr/lib64/libxcb.so.1.1.0
7f2c4d550000-7f2c4d551000 rw-p 0001f000 08:07 656831                     /usr/lib64/libxcb.so.1.1.0
7f2c4d551000-7f2c4d5a3000 r-xp 00000000 08:07 660420                     /usr/lib64/libcups.so.2
7f2c4d5a3000-7f2c4d7a3000 ---p 00052000 08:07 660420                     /usr/lib64/libcups.so.2
7f2c4d7a3000-7f2c4d7a7000 r--p 00052000 08:07 660420                     /usr/lib64/libcups.so.2
7f2c4d7a7000-7f2c4d7a8000 rw-p 00056000 08:07 660420                     /usr/lib64/libcups.so.2
7f2c4d7a8000-7f2c4d7a9000 r-xp 00000000 08:07 666339                     /usr/lib64/libgthread-2.0.so.0.3200.4
7f2c4d7a9000-7f2c4d9a8000 ---p 00001000 08:07 666339                     /usr/lib64/libgthread-2.0.so.0.3200.4
7f2c4d9a8000-7f2c4d9a9000 r--p 00000000 08:07 666339                     /usr/lib64/libgthread-2.0.so.0.3200.4
7f2c4d9a9000-7f2c4d9aa000 rw-p 00001000 08:07 666339                     /usr/lib64/libgthread-2.0.so.0.3200.4
7f2c4d9aa000-7f2c4d9df000 r-xp 00000000 08:07 656866                     /usr/lib64/libfontconfig.so.1.5.0
7f2c4d9df000-7f2c4dbdf000 ---p 00035000 08:07 656866                     /usr/lib64/libfontconfig.so.1.5.0
7f2c4dbdf000-7f2c4dbe0000 r--p 00035000 08:07 656866                     /usr/lib64/libfontconfig.so.1.5.0
7f2c4dbe0000-7f2c4dbe1000 rw-p 00036000 08:07 656866                     /usr/lib64/libfontconfig.so.1.5.0
7f2c4dbe1000-7f2c4dc2a000 r-xp 00000000 08:07 662794                     /usr/lib64/libpango-1.0.so.0.3000.1
7f2c4dc2a000-7f2c4de2a000 ---p 00049000 08:07 662794                     /usr/lib64/libpango-1.0.so.0.3000.1
7f2c4de2a000-7f2c4de2c000 r--p 00049000 08:07 662794                     /usr/lib64/libpango-1.0.so.0.3000.1
7f2c4de2c000-7f2c4de2d000 rw-p 0004b000 08:07 662794                     /usr/lib64/libpango-1.0.so.0.3000.1
7f2c4de2d000-7f2c4de4b000 r-xp 00000000 08:07 667143                     /usr/lib64/libgdk_pixbuf-2.0.so.0.2600.1
7f2c4de4b000-7f2c4e04b000 ---p 0001e000 08:07 667143                     /usr/lib64/libgdk_pixbuf-2.0.so.0.2600.1
7f2c4e04b000-7f2c4e04c000 r--p 0001e000 08:07 667143                     /usr/lib64/libgdk_pixbuf-2.0.so.0.2600.1
7f2c4e04c000-7f2c4e04d000 rw-p 0001f000 08:07 667143                     /usr/lib64/libgdk_pixbuf-2.0.so.0.2600.1
7f2c4e04d000-7f2c4e0fc000 r-xp 00000000 08:07 668065                     /usr/lib64/libgdk-x11-2.0.so.0.2400.10
7f2c4e0fc000-7f2c4e2fb000 ---p 000af000 08:07 668065                     /usr/lib64/libgdk-x11-2.0.so.0.2400.10
7f2c4e2fb000-7f2c4e2ff000 r--p 000ae000 08:07 668065                     /usr/lib64/libgdk-x11-2.0.so.0.2400.10
7f2c4e2ff000-7f2c4e301000 rw-p 000b2000 08:07 668065                     /usr/lib64/libgdk-x11-2.0.so.0.2400.10
7f2c4e301000-7f2c4e72c000 r-xp 00000000 08:07 668067                     /usr/lib64/libgtk-x11-2.0.so.0.2400.10
7f2c4e72c000-7f2c4e92b000 ---p 0042b000 08:07 668067                     /usr/lib64/libgtk-x11-2.0.so.0.2400.10
7f2c4e92b000-7f2c4e932000 r--p 0042a000 08:07 668067                     /usr/lib64/libgtk-x11-2.0.so.0.2400.10
7f2c4e932000-7f2c4e936000 rw-p 00431000 08:07 668067                     /usr/lib64/libgtk-x11-2.0.so.0.2400.10
7f2c4e936000-7f2c4e938000 rw-p 00000000 00:00 0 
7f2c4e938000-7f2c4e946000 r-xp 00000000 08:07 657350                     /usr/lib64/libXi.so.6.1.0
7f2c4e946000-7f2c4eb46000 ---p 0000e000 08:07 657350                     /usr/lib64/libXi.so.6.1.0
7f2c4eb46000-7f2c4eb47000 r--p 0000e000 08:07 657350                     /usr/lib64/libXi.so.6.1.0
7f2c4eb47000-7f2c4eb48000 rw-p 0000f000 08:07 657350                     /usr/lib64/libXi.so.6.1.0
7f2c4eb48000-7f2c4eb4d000 r-xp 00000000 08:07 657468                     /usr/lib64/libXtst.so.6.1.0
7f2c4eb4d000-7f2c4ed4c000 ---p 00005000 08:07 657468                     /usr/lib64/libXtst.so.6.1.0
7f2c4ed4c000-7f2c4ed4d000 r--p 00004000 08:07 657468                     /usr/lib64/libXtst.so.6.1.0
7f2c4ed4d000-7f2c4ed4e000 rw-p 00005000 08:07 657468                     /usr/lib64/libXtst.so.6.1.0
7f2c4ed4e000-7f2c4ed57000 r-xp 00000000 08:07 663346                     /usr/lib64/libXrender.so.1.3.0
7f2c4ed57000-7f2c4ef56000 ---p 00009000 08:07 663346                     /usr/lib64/libXrender.so.1.3.0
7f2c4ef56000-7f2c4ef57000 r--p 00008000 08:07 663346                     /usr/lib64/libXrender.so.1.3.0
7f2c4ef57000-7f2c4ef58000 rw-p 00009000 08:07 663346                     /usr/lib64/libXrender.so.1.3.0
7f2c4ef58000-7f2c4f08e000 r-xp 00000000 08:07 662911                     /usr/lib64/libX11.so.6.3.0
7f2c4f08e000-7f2c4f28e000 ---p 00136000 08:07 662911                     /usr/lib64/libX11.so.6.3.0
7f2c4f28e000-7f2c4f28f000 r--p 00136000 08:07 662911                     /usr/lib64/libX11.so.6.3.0
7f2c4f28f000-7f2c4f294000 rw-p 00137000 08:07 662911                     /usr/lib64/libX11.so.6.3.0
7f2c4f294000-7f2c4f2a5000 r-xp 00000000 08:07 660911                     /usr/lib64/libXext.so.6.4.0
7f2c4f2a5000-7f2c4f4a4000 ---p 00011000 08:07 660911                     /usr/lib64/libXext.so.6.4.0
7f2c4f4a4000-7f2c4f4a5000 r--p 00010000 08:07 660911                     /usr/lib64/libXext.so.6.4.0
7f2c4f4a5000-7f2c4f4a6000 rw-p 00011000 08:07 660911                     /usr/lib64/libXext.so.6.4.0
7f2c4f4a6000-7f2c4f4f8000 r-xp 00000000 08:07 678905                     /usr/lib64/jvm/java-1.7.0-openjdk-1.7.0/jre/lib/amd64/xawt/libmawt.so
7f2c4f4f8000-7f2c4f6f8000 ---p 00052000 08:07 678905                     /usr/lib64/jvm/java-1.7.0-openjdk-1.7.0/jre/lib/amd64/xawt/libmawt.so
7f2c4f6f8000-7f2c4f6f9000 r--p 00052000 08:07 678905                     /usr/lib64/jvm/java-1.7.0-openjdk-1.7.0/jre/lib/amd64/xawt/libmawt.so
7f2c4f6f9000-7f2c4f6fc000 rw-p 00053000 08:07 678905                     /usr/lib64/jvm/java-1.7.0-openjdk-1.7.0/jre/lib/amd64/xawt/libmawt.so
7f2c4f6fc000-7f2c4f6fd000 rw-p 00000000 00:00 0 
7f2c4f6fd000-7f2c4f79e000 r-xp 00000000 08:07 680489                     /usr/lib64/jvm/java-1.7.0-openjdk-1.7.0/jre/lib/amd64/libawt.so
7f2c4f79e000-7f2c4f99e000 ---p 000a1000 08:07 680489                     /usr/lib64/jvm/java-1.7.0-openjdk-1.7.0/jre/lib/amd64/libawt.so
7f2c4f99e000-7f2c4f99f000 r--p 000a1000 08:07 680489                     /usr/lib64/jvm/java-1.7.0-openjdk-1.7.0/jre/lib/amd64/libawt.so
7f2c4f99f000-7f2c4f9aa000 rw-p 000a2000 08:07 680489                     /usr/lib64/jvm/java-1.7.0-openjdk-1.7.0/jre/lib/amd64/libawt.so
7f2c4f9aa000-7f2c4f9cf000 rw-p 00000000 00:00 0 
7f2c4f9cf000-7f2c4f9d2000 ---p 00000000 00:00 0 
7f2c4f9d2000-7f2c54000000 rw-p 00000000 00:00 0                          [stack:23332]
7f2c54000000-7f2c5408d000 rw-p 00000000 00:00 0 
7f2c5408d000-7f2c58000000 ---p 00000000 00:00 0 
7f2c58058000-7f2c58065000 r--s 000c2000 00:23 157073446                  /amd.home/home/projekt/ext_class/recoder0.84KeY.jar
7f2c58065000-7f2c58068000 ---p 00000000 00:00 0 
7f2c58068000-7f2c58166000 rw-p 00000000 00:00 0                          [stack:23339]
7f2c58166000-7f2c58176000 r-xp 00000000 08:07 688303                     /usr/lib64/jvm/java-1.7.0-openjdk-1.7.0/jre/lib/amd64/libnio.so
7f2c58176000-7f2c58375000 ---p 00010000 08:07 688303                     /usr/lib64/jvm/java-1.7.0-openjdk-1.7.0/jre/lib/amd64/libnio.so
7f2c58375000-7f2c58376000 r--p 0000f000 08:07 688303                     /usr/lib64/jvm/java-1.7.0-openjdk-1.7.0/jre/lib/amd64/libnio.so
7f2c58376000-7f2c58377000 rw-p 00010000 08:07 688303                     /usr/lib64/jvm/java-1.7.0-openjdk-1.7.0/jre/lib/amd64/libnio.so
7f2c58377000-7f2c583d0000 r-xp 00000000 08:07 662795                     /usr/lib64/libpcre.so.1.0.0
7f2c583d0000-7f2c585cf000 ---p 00059000 08:07 662795                     /usr/lib64/libpcre.so.1.0.0
7f2c585cf000-7f2c585d0000 r--p 00058000 08:07 662795                     /usr/lib64/libpcre.so.1.0.0
7f2c585d0000-7f2c585d1000 rw-p 00059000 08:07 662795                     /usr/lib64/libpcre.so.1.0.0
7f2c585d1000-7f2c585d8000 r-xp 00000000 08:07 662815                     /usr/lib64/libffi.so.4.0.1
7f2c585d8000-7f2c587d7000 ---p 00007000 08:07 662815                     /usr/lib64/libffi.so.4.0.1
7f2c587d7000-7f2c587d8000 r--p 00006000 08:07 662815                     /usr/lib64/libffi.so.4.0.1
7f2c587d8000-7f2c587d9000 rw-p 00007000 08:07 662815                     /usr/lib64/libffi.so.4.0.1
7f2c587d9000-7f2c587ec000 r-xp 00000000 08:07 443913                     /lib64/libresolv-2.15.so
7f2c587ec000-7f2c589ec000 ---p 00013000 08:07 443913                     /lib64/libresolv-2.15.so
7f2c589ec000-7f2c589ed000 r--p 00013000 08:07 443913                     /lib64/libresolv-2.15.so
7f2c589ed000-7f2c589ee000 rw-p 00014000 08:07 443913                     /lib64/libresolv-2.15.so
7f2c589ee000-7f2c589f0000 rw-p 00000000 00:00 0 
7f2c589f0000-7f2c58a0c000 r-xp 00000000 08:07 393469                     /lib64/libselinux.so.1
7f2c58a0c000-7f2c58c0b000 ---p 0001c000 08:07 393469                     /lib64/libselinux.so.1
7f2c58c0b000-7f2c58c0c000 r--p 0001b000 08:07 393469                     /lib64/libselinux.so.1
7f2c58c0c000-7f2c58c0d000 rw-p 0001c000 08:07 393469                     /lib64/libselinux.so.1
7f2c58c0d000-7f2c58c0e000 rw-p 00000000 00:00 0 
7f2c58c0e000-7f2c58c11000 r-xp 00000000 08:07 657036                     /usr/lib64/libgmodule-2.0.so.0.3200.4
7f2c58c11000-7f2c58e10000 ---p 00003000 08:07 657036                     /usr/lib64/libgmodule-2.0.so.0.3200.4
7f2c58e10000-7f2c58e11000 r--p 00002000 08:07 657036                     /usr/lib64/libgmodule-2.0.so.0.3200.4
7f2c58e11000-7f2c58e12000 rw-p 00003000 08:07 657036                     /usr/lib64/libgmodule-2.0.so.0.3200.4
7f2c58e12000-7f2c58f07000 r-xp 00000000 08:07 656844                     /usr/lib64/libglib-2.0.so.0.3200.4
7f2c58f07000-7f2c59106000 ---p 000f5000 08:07 656844                     /usr/lib64/libglib-2.0.so.0.3200.4
7f2c59106000-7f2c59107000 r--p 000f4000 08:07 656844                     /usr/lib64/libglib-2.0.so.0.3200.4
7f2c59107000-7f2c59108000 rw-p 000f5000 08:07 656844                     /usr/lib64/libglib-2.0.so.0.3200.4
7f2c59108000-7f2c59109000 rw-p 00000000 00:00 0 
7f2c59109000-7f2c59155000 r-xp 00000000 08:07 657101                     /usr/lib64/libgobject-2.0.so.0.3200.4
7f2c59155000-7f2c59355000 ---p 0004c000 08:07 657101                     /usr/lib64/libgobject-2.0.so.0.3200.4
7f2c59355000-7f2c59356000 r--p 0004c000 08:07 657101                     /usr/lib64/libgobject-2.0.so.0.3200.4
7f2c59356000-7f2c59357000 rw-p 0004d000 08:07 657101                     /usr/lib64/libgobject-2.0.so.0.3200.4
7f2c59357000-7f2c594a1000 r-xp 00000000 08:07 656716                     /usr/lib64/libgio-2.0.so.0.3200.4
7f2c594a1000-7f2c596a1000 ---p 0014a000 08:07 656716                     /usr/lib64/libgio-2.0.so.0.3200.4
7f2c596a1000-7f2c596a5000 r--p 0014a000 08:07 656716                     /usr/lib64/libgio-2.0.so.0.3200.4
7f2c596a5000-7f2c596a7000 rw-p 0014e000 08:07 656716                     /usr/lib64/libgio-2.0.so.0.3200.4
7f2c596a7000-7f2c596a9000 rw-p 00000000 00:00 0 
7f2c596aa000-7f2c596b9000 r--s 00000000 08:07 148777                     /var/cache/fontconfig/c8949cabc08ab434d79274b24618eeea-x86_64.cache-3
7f2c596d8000-7f2c596ee000 r-xp 00000000 08:07 670100                     /usr/lib64/jvm/java-1.7.0-openjdk-1.7.0/jre/lib/amd64/libnet.so
7f2c596ee000-7f2c598ed000 ---p 00016000 08:07 670100                     /usr/lib64/jvm/java-1.7.0-openjdk-1.7.0/jre/lib/amd64/libnet.so
7f2c598ed000-7f2c598ee000 r--p 00015000 08:07 670100                     /usr/lib64/jvm/java-1.7.0-openjdk-1.7.0/jre/lib/amd64/libnet.so
7f2c598ee000-7f2c598ef000 rw-p 00016000 08:07 670100                     /usr/lib64/jvm/java-1.7.0-openjdk-1.7.0/jre/lib/amd64/libnet.so
7f2c598ef000-7f2c598f7000 r-xp 00000000 08:07 670097                     /usr/lib64/jvm/java-1.7.0-openjdk-1.7.0/jre/lib/amd64/libmanagement.so
7f2c598f7000-7f2c59af6000 ---p 00008000 08:07 670097                     /usr/lib64/jvm/java-1.7.0-openjdk-1.7.0/jre/lib/amd64/libmanagement.so
7f2c59af6000-7f2c59af7000 r--p 00007000 08:07 670097                     /usr/lib64/jvm/java-1.7.0-openjdk-1.7.0/jre/lib/amd64/libmanagement.so
7f2c59af7000-7f2c59af8000 rw-p 00008000 08:07 670097                     /usr/lib64/jvm/java-1.7.0-openjdk-1.7.0/jre/lib/amd64/libmanagement.so
7f2c59af8000-7f2c59af9000 ---p 00000000 00:00 0 
7f2c59af9000-7f2c59bf9000 rw-p 00000000 00:00 0                          [stack:23338]
7f2c59bf9000-7f2c59bfc000 ---p 00000000 00:00 0 
7f2c59bfc000-7f2c59cfa000 rw-p 00000000 00:00 0                          [stack:23337]
7f2c59cfa000-7f2c59cfd000 ---p 00000000 00:00 0 
7f2c59cfd000-7f2c59dfb000 rw-p 00000000 00:00 0                          [stack:23336]
7f2c59dfb000-7f2c59dfe000 ---p 00000000 00:00 0 
7f2c59dfe000-7f2c59efc000 rw-p 00000000 00:00 0                          [stack:23335]
7f2c59efc000-7f2c59eff000 ---p 00000000 00:00 0 
7f2c59eff000-7f2c59ffd000 rw-p 00000000 00:00 0                          [stack:23334]
7f2c59ffd000-7f2c5a12d000 r--p 00000000 08:07 835006                     /usr/lib/locale/en_US.utf8/LC_COLLATE
7f2c5a12d000-7f2c5a130000 ---p 00000000 00:00 0 
7f2c5a130000-7f2c5a22e000 rw-p 00000000 00:00 0                          [stack:23333]
7f2c5a22e000-7f2c5a22f000 ---p 00000000 00:00 0 
7f2c5a22f000-7f2c5ad07000 rw-p 00000000 00:00 0                          [stack:23331]
7f2c5ad07000-7f2c5aeb4000 r--s 01cde000 08:07 670182                     /usr/lib64/jvm/java-1.7.0-openjdk-1.7.0/jre/lib/rt.jar
7f2c5aeb4000-7f2c5c000000 rw-p 00000000 00:00 0 
7f2c5c000000-7f2c5c072000 rw-p 00000000 00:00 0 
7f2c5c072000-7f2c60000000 ---p 00000000 00:00 0 
7f2c60001000-7f2c60006000 r--s 00053000 00:23 157073421                  /amd.home/home/projekt/ext_class/antlr-2.7.2.jar
7f2c60086000-7f2c600bb000 r--s 00000000 00:11 35496373                   /var/run/nscd/db3Kk2Td (deleted)
7f2c600bb000-7f2c600bc000 ---p 00000000 00:00 0 
7f2c600bc000-7f2c601bc000 rw-p 00000000 00:00 0                          [stack:23330]
7f2c601bc000-7f2c601bd000 ---p 00000000 00:00 0 
7f2c601bd000-7f2c60568000 rw-p 00000000 00:00 0                          [stack:23329]
7f2c60568000-7f2c6057b000 rw-p 00000000 00:00 0 
7f2c6057b000-7f2c60590000 ---p 00000000 00:00 0 
7f2c60590000-7f2c605bb000 rw-p 00000000 00:00 0 
7f2c605bb000-7f2c60865000 rw-p 00000000 00:00 0 
7f2c60865000-7f2c609bb000 rw-p 00000000 00:00 0 
7f2c609bb000-7f2c609bc000 rw-p 00000000 00:00 0 
7f2c609bc000-7f2c611fc000 rwxp 00000000 00:00 0 
7f2c611fc000-7f2c639bc000 rw-p 00000000 00:00 0 
7f2c639bc000-7f2c639c4000 r-xp 00000000 08:07 670111                     /usr/lib64/jvm/java-1.7.0-openjdk-1.7.0/jre/lib/amd64/libzip.so
7f2c639c4000-7f2c63bc3000 ---p 00008000 08:07 670111                     /usr/lib64/jvm/java-1.7.0-openjdk-1.7.0/jre/lib/amd64/libzip.so
7f2c63bc3000-7f2c63bc4000 r--p 00007000 08:07 670111                     /usr/lib64/jvm/java-1.7.0-openjdk-1.7.0/jre/lib/amd64/libzip.so
7f2c63bc4000-7f2c63bc5000 rw-p 00008000 08:07 670111                     /usr/lib64/jvm/java-1.7.0-openjdk-1.7.0/jre/lib/amd64/libzip.so
7f2c63bc5000-7f2c63bef000 r-xp 00000000 08:07 670087                     /usr/lib64/jvm/java-1.7.0-openjdk-1.7.0/jre/lib/amd64/libjava.so
7f2c63bef000-7f2c63dee000 ---p 0002a000 08:07 670087                     /usr/lib64/jvm/java-1.7.0-openjdk-1.7.0/jre/lib/amd64/libjava.so
7f2c63dee000-7f2c63def000 r--p 00029000 08:07 670087                     /usr/lib64/jvm/java-1.7.0-openjdk-1.7.0/jre/lib/amd64/libjava.so
7f2c63def000-7f2c63df1000 rw-p 0002a000 08:07 670087                     /usr/lib64/jvm/java-1.7.0-openjdk-1.7.0/jre/lib/amd64/libjava.so
7f2c63df1000-7f2c63dfe000 r-xp 00000000 08:07 670109                     /usr/lib64/jvm/java-1.7.0-openjdk-1.7.0/jre/lib/amd64/libverify.so
7f2c63dfe000-7f2c63ffd000 ---p 0000d000 08:07 670109                     /usr/lib64/jvm/java-1.7.0-openjdk-1.7.0/jre/lib/amd64/libverify.so
7f2c63ffd000-7f2c63fff000 r--p 0000c000 08:07 670109                     /usr/lib64/jvm/java-1.7.0-openjdk-1.7.0/jre/lib/amd64/libverify.so
7f2c63fff000-7f2c64000000 rw-p 0000e000 08:07 670109                     /usr/lib64/jvm/java-1.7.0-openjdk-1.7.0/jre/lib/amd64/libverify.so
7f2c64000000-7f2c643a2000 rw-p 00000000 00:00 0 
7f2c643a2000-7f2c68000000 ---p 00000000 00:00 0 
7f2c68003000-7f2c68006000 r--s 00000000 08:07 139024                     /var/cache/fontconfig/d458be102e54cf534d1eef0dcbb02d07-x86_64.cache-3
7f2c68006000-7f2c68037000 rw-p 00000000 00:00 0 
7f2c68037000-7f2c68076000 r--p 00000000 08:07 834987                     /usr/lib/locale/en_US.utf8/LC_CTYPE
7f2c68076000-7f2c68097000 rw-p 00000000 00:00 0 
7f2c68097000-7f2c68136000 rw-p 00000000 00:00 0 
7f2c68136000-7f2c6813d000 r-xp 00000000 08:07 443915                     /lib64/librt-2.15.so
7f2c6813d000-7f2c6833c000 ---p 00007000 08:07 443915                     /lib64/librt-2.15.so
7f2c6833c000-7f2c6833d000 r--p 00006000 08:07 443915                     /lib64/librt-2.15.so
7f2c6833d000-7f2c6833e000 rw-p 00007000 08:07 443915                     /lib64/librt-2.15.so
7f2c6833e000-7f2c68353000 r-xp 00000000 08:07 393345                     /lib64/libgcc_s.so.1
7f2c68353000-7f2c68552000 ---p 00015000 08:07 393345                     /lib64/libgcc_s.so.1
7f2c68552000-7f2c68553000 r--p 00014000 08:07 393345                     /lib64/libgcc_s.so.1
7f2c68553000-7f2c68554000 rw-p 00015000 08:07 393345                     /lib64/libgcc_s.so.1
7f2c68554000-7f2c68649000 r-xp 00000000 08:07 393460                     /lib64/libm-2.15.so
7f2c68649000-7f2c68849000 ---p 000f5000 08:07 393460                     /lib64/libm-2.15.so
7f2c68849000-7f2c6884a000 r--p 000f5000 08:07 393460                     /lib64/libm-2.15.so
7f2c6884a000-7f2c6884b000 rw-p 000f6000 08:07 393460                     /lib64/libm-2.15.so
7f2c6884b000-7f2c68933000 r-xp 00000000 08:07 660920                     /usr/lib64/libstdc++.so.6.0.17
7f2c68933000-7f2c68b33000 ---p 000e8000 08:07 660920                     /usr/lib64/libstdc++.so.6.0.17
7f2c68b33000-7f2c68b3b000 r--p 000e8000 08:07 660920                     /usr/lib64/libstdc++.so.6.0.17
7f2c68b3b000-7f2c68b3d000 rw-p 000f0000 08:07 660920                     /usr/lib64/libstdc++.so.6.0.17
7f2c68b3d000-7f2c68b52000 rw-p 00000000 00:00 0 
7f2c68b52000-7f2c69549000 r-xp 00000000 08:07 688308                     /usr/lib64/jvm/java-1.7.0-openjdk-1.7.0/jre/lib/amd64/server/libjvm.so
7f2c69549000-7f2c69748000 ---p 009f7000 08:07 688308                     /usr/lib64/jvm/java-1.7.0-openjdk-1.7.0/jre/lib/amd64/server/libjvm.so
7f2c69748000-7f2c697c7000 r--p 009f6000 08:07 688308                     /usr/lib64/jvm/java-1.7.0-openjdk-1.7.0/jre/lib/amd64/server/libjvm.so
7f2c697c7000-7f2c697ea000 rw-p 00a75000 08:07 688308                     /usr/lib64/jvm/java-1.7.0-openjdk-1.7.0/jre/lib/amd64/server/libjvm.so
7f2c697ea000-7f2c69815000 rw-p 00000000 00:00 0 
7f2c69815000-7f2c6982a000 r-xp 00000000 08:07 393461                     /lib64/libz.so.1.2.7
7f2c6982a000-7f2c69a29000 ---p 00015000 08:07 393461                     /lib64/libz.so.1.2.7
7f2c69a29000-7f2c69a2a000 r--p 00014000 08:07 393461                     /lib64/libz.so.1.2.7
7f2c69a2a000-7f2c69a2b000 rw-p 00015000 08:07 393461                     /lib64/libz.so.1.2.7
7f2c69a2b000-7f2c69a42000 r-xp 00000000 08:07 393458                     /lib64/libpthread-2.15.so
7f2c69a42000-7f2c69c41000 ---p 00017000 08:07 393458                     /lib64/libpthread-2.15.so
7f2c69c41000-7f2c69c42000 r--p 00016000 08:07 393458                     /lib64/libpthread-2.15.so
7f2c69c42000-7f2c69c43000 rw-p 00017000 08:07 393458                     /lib64/libpthread-2.15.so
7f2c69c43000-7f2c69c47000 rw-p 00000000 00:00 0 
7f2c69c47000-7f2c69c4a000 r-xp 00000000 08:07 393455                     /lib64/libdl-2.15.so
7f2c69c4a000-7f2c69e49000 ---p 00003000 08:07 393455                     /lib64/libdl-2.15.so
7f2c69e49000-7f2c69e4a000 r--p 00002000 08:07 393455                     /lib64/libdl-2.15.so
7f2c69e4a000-7f2c69e4b000 rw-p 00003000 08:07 393455                     /lib64/libdl-2.15.so
7f2c69e4b000-7f2c69fe6000 r-xp 00000000 08:07 393363                     /lib64/libc-2.15.so
7f2c69fe6000-7f2c6a1e6000 ---p 0019b000 08:07 393363                     /lib64/libc-2.15.so
7f2c6a1e6000-7f2c6a1ea000 r--p 0019b000 08:07 393363                     /lib64/libc-2.15.so
7f2c6a1ea000-7f2c6a1ec000 rw-p 0019f000 08:07 393363                     /lib64/libc-2.15.so
7f2c6a1ec000-7f2c6a1f0000 rw-p 00000000 00:00 0 
7f2c6a1f0000-7f2c6a1f7000 r--s 00000000 08:07 139017                     /var/cache/fontconfig/d62e99ef547d1d24cdb1bd22ec1a2976-x86_64.cache-3
7f2c6a1f7000-7f2c6a1fa000 ---p 00000000 00:00 0 
7f2c6a1fa000-7f2c6a21f000 rw-p 00000000 00:00 0 
7f2c6a21f000-7f2c6a22b000 r-xp 00000000 08:07 670071                     /usr/lib64/jvm/java-1.7.0-openjdk-1.7.0/jre/lib/amd64/jli/libjli.so
7f2c6a22b000-7f2c6a42b000 ---p 0000c000 08:07 670071                     /usr/lib64/jvm/java-1.7.0-openjdk-1.7.0/jre/lib/amd64/jli/libjli.so
7f2c6a42b000-7f2c6a42c000 r--p 0000c000 08:07 670071                     /usr/lib64/jvm/java-1.7.0-openjdk-1.7.0/jre/lib/amd64/jli/libjli.so
7f2c6a42c000-7f2c6a42d000 rw-p 0000d000 08:07 670071                     /usr/lib64/jvm/java-1.7.0-openjdk-1.7.0/jre/lib/amd64/jli/libjli.so
7f2c6a42d000-7f2c6a44e000 r-xp 00000000 08:07 393342                     /lib64/ld-2.15.so
7f2c6a44e000-7f2c6a44f000 rw-p 00000000 00:00 0 
7f2c6a44f000-7f2c6a450000 r--s 00000000 08:07 148775                     /var/cache/fontconfig/ae1825b06dc701bdde4cb450127b8a7b-x86_64.cache-3
7f2c6a450000-7f2c6a451000 r--s 00000000 08:07 139018                     /var/cache/fontconfig/6ba42ae0000f58711b5caaf10d690066-x86_64.cache-3
7f2c6a451000-7f2c6a452000 r--p 00000000 00:00 0 
7f2c6a452000-7f2c6a45b000 r--s 000bc000 08:07 670180                     /usr/lib64/jvm/java-1.7.0-openjdk-1.7.0/jre/lib/resources.jar
7f2c6a45b000-7f2c6a468000 r--s 000c2000 00:23 157073446                  /amd.home/home/projekt/ext_class/recoder0.84KeY.jar
7f2c6a468000-7f2c6a46d000 r--s 00053000 00:23 157073421                  /amd.home/home/projekt/ext_class/antlr-2.7.2.jar
7f2c6a46d000-7f2c6a471000 r--s 00085000 08:07 670136                     /usr/lib64/jvm/java-1.7.0-openjdk-1.7.0/jre/lib/ext/localedata.jar
7f2c6a471000-7f2c6a474000 r--s 0000f000 08:07 688312                     /usr/lib64/jvm/java-1.7.0-openjdk-1.7.0/jre/lib/ext/pulse-java.jar
7f2c6a474000-7f2c6a47c000 r--s 00067000 08:07 670135                     /usr/lib64/jvm/java-1.7.0-openjdk-1.7.0/jre/lib/ext/gnome-java-bridge.jar
7f2c6a47c000-7f2c6a47d000 r--p 00000000 08:07 834977                     /usr/lib/locale/en_US.utf8/LC_NUMERIC
7f2c6a47d000-7f2c6a47e000 r--p 00000000 08:07 673310                     /usr/lib/locale/en_US.utf8/LC_TIME
7f2c6a47e000-7f2c6a47f000 r--p 00000000 08:07 673309                     /usr/lib/locale/en_US.utf8/LC_MONETARY
7f2c6a47f000-7f2c6a480000 r--p 00000000 08:07 658373                     /usr/lib/locale/en_US.utf8/LC_MESSAGES/SYS_LC_MESSAGES
7f2c6a480000-7f2c6a481000 r--p 00000000 08:07 834890                     /usr/lib/locale/en_US.utf8/LC_PAPER
7f2c6a481000-7f2c6a482000 r--p 00000000 08:07 834916                     /usr/lib/locale/en_US.utf8/LC_NAME
7f2c6a482000-7f2c6a483000 r--p 00000000 08:07 673317                     /usr/lib/locale/en_US.utf8/LC_ADDRESS
7f2c6a483000-7f2c6a484000 r--p 00000000 08:07 828533                     /usr/lib/locale/en_US.utf8/LC_TELEPHONE
7f2c6a484000-7f2c6a485000 r--p 00000000 08:07 835002                     /usr/lib/locale/en_US.utf8/LC_MEASUREMENT
7f2c6a485000-7f2c6a48c000 r--s 00000000 08:07 658147                     /usr/lib64/gconv/gconv-modules.cache
7f2c6a48c000-7f2c6a48d000 r--p 00000000 08:07 659342                     /usr/lib/locale/en_US.utf8/LC_IDENTIFICATION
7f2c6a48d000-7f2c6a4c8000 rw-p 00000000 00:00 0 
7f2c6a4c8000-7f2c6a4dd000 ---p 00000000 00:00 0 
7f2c6a4dd000-7f2c6a508000 rw-p 00000000 00:00 0 
7f2c6a508000-7f2c6a510000 rw-s 00000000 08:08 6160451                    /export/tmp/hsperfdata_kirsten/23327
7f2c6a510000-7f2c6a545000 r--s 00000000 00:11 885023                     /var/run/nscd/passwd
7f2c6a545000-7f2c6a546000 rw-p 00000000 00:00 0 
7f2c6a546000-7f2c6a547000 ---p 00000000 00:00 0 
7f2c6a547000-7f2c6a54a000 ---p 00000000 00:00 0 
7f2c6a54a000-7f2c6a64e000 rw-p 00000000 00:00 0                          [stack:23328]
7f2c6a64e000-7f2c6a64f000 r--p 00021000 08:07 393342                     /lib64/ld-2.15.so
7f2c6a64f000-7f2c6a650000 rw-p 00022000 08:07 393342                     /lib64/ld-2.15.so
7f2c6a650000-7f2c6a651000 rw-p 00000000 00:00 0 
7ffffec12000-7ffffec34000 rw-p 00000000 00:00 0                          [stack]
7ffffed28000-7ffffed29000 r-xp 00000000 00:00 0                          [vdso]
ffffffffff600000-ffffffffff601000 r-xp 00000000 00:00 0                  [vsyscall]

VM Arguments:
jvm_args: -ea:de.uka.ilkd.key... -Xms64m -Xmx2048m -Dkey.home=/home/kirsten/key -Dkey.simplify.logdir= -Dkey.ics.logdir= -Dsun.awt.exception.handler=de.uka.ilkd.key.gui.ExceptionalHandler 
java_command: de.uka.ilkd.key.gui.Main
Launcher Type: SUN_STANDARD

Environment Variables:
JAVA_HOME=/usr/lib64/jvm
JRE_HOME=/usr/lib64/jvm/jre
CLASSPATH=
PATH=.:/opt/kde3/bin:/usr/ucb:/usr/bin:/usr/etc:/bin:/usr/X11R6/bin:/tools/bin:/tools/X11/bin:/home/kirsten/key/key-ext-jars
LD_LIBRARY_PATH=/usr/lib64/mpi/gcc/openmpi/lib64
SHELL=/usr/bin/tcsh
DISPLAY=:0.0
HOSTTYPE=x86_64-linux
OSTYPE=linux
MACHTYPE=x86_64

Signal Handlers:
SIGSEGV: [libjvm.so+0x8524b0], sa_mask[0]=0x7ffbfeff, sa_flags=0x10000004
SIGBUS: [libjvm.so+0x8524b0], sa_mask[0]=0x7ffbfeff, sa_flags=0x10000004
SIGFPE: [libjvm.so+0x6f5980], sa_mask[0]=0x7ffbfeff, sa_flags=0x10000004
SIGPIPE: [libjvm.so+0x6f5980], sa_mask[0]=0x7ffbfeff, sa_flags=0x10000004
SIGXFSZ: [libjvm.so+0x6f5980], sa_mask[0]=0x7ffbfeff, sa_flags=0x10000004
SIGILL: [libjvm.so+0x6f5980], sa_mask[0]=0x7ffbfeff, sa_flags=0x10000004
SIGUSR1: SIG_DFL, sa_mask[0]=0x00000000, sa_flags=0x00000000
SIGUSR2: [libjvm.so+0x6f5d40], sa_mask[0]=0x00000000, sa_flags=0x10000004
SIGHUP: [libjvm.so+0x6f5e80], sa_mask[0]=0x7ffbfeff, sa_flags=0x10000004
SIGINT: [libjvm.so+0x6f5e80], sa_mask[0]=0x7ffbfeff, sa_flags=0x10000004
SIGTERM: [libjvm.so+0x6f5e80], sa_mask[0]=0x7ffbfeff, sa_flags=0x10000004
SIGQUIT: [libjvm.so+0x6f5e80], sa_mask[0]=0x7ffbfeff, sa_flags=0x10000004


---------------  S Y S T E M  ---------------

OS:openSUSE 12.2 (x86_64)
VERSION = 12.2
CODENAME = Mantis

uname:Linux 3.4.33-2.24-desktop #1 SMP PREEMPT Tue Feb 26 03:34:33 UTC 2013 (5f00a32) x86_64
libc:glibc 2.15 NPTL 2.15 
rlimit: STACK 8192k, CORE 0k, NPROC 30517, NOFILE 4096, AS infinity
load average:3.16 1.74 1.04

/proc/meminfo:
MemTotal:        3923816 kB
MemFree:          192496 kB
Buffers:             516 kB
Cached:            68540 kB
SwapCached:        41784 kB
Active:          2482588 kB
Inactive:         804956 kB
Active(anon):    2449444 kB
Inactive(anon):   780448 kB
Active(file):      33144 kB
Inactive(file):    24508 kB
Unevictable:           0 kB
Mlocked:               0 kB
SwapTotal:       4192928 kB
SwapFree:        1872460 kB
Dirty:              1092 kB
Writeback:             0 kB
AnonPages:       3176996 kB
Mapped:            47080 kB
Shmem:             11328 kB
Slab:             188428 kB
SReclaimable:      92956 kB
SUnreclaim:        95472 kB
KernelStack:        6032 kB
PageTables:       133600 kB
NFS_Unstable:          0 kB
Bounce:                0 kB
WritebackTmp:          0 kB
CommitLimit:     6154836 kB
Committed_AS:   32570492 kB
VmallocTotal:   34359738367 kB
VmallocUsed:      296960 kB
VmallocChunk:   34359383272 kB
HardwareCorrupted:     0 kB
AnonHugePages:     67584 kB
HugePages_Total:       0
HugePages_Free:        0
HugePages_Rsvd:        0
HugePages_Surp:        0
Hugepagesize:       2048 kB
DirectMap4k:     3643388 kB
DirectMap2M:      417792 kB


CPU:total 2 (2 cores per cpu, 1 threads per core) family 6 model 23 stepping 6, cmov, cx8, fxsr, mmx, sse, sse2, sse3, ssse3, sse4.1, tsc

/proc/cpuinfo:
processor	: 0
vendor_id	: GenuineIntel
cpu family	: 6
model		: 23
model name	: Intel(R) Core(TM)2 Duo CPU     E7300  @ 2.66GHz
stepping	: 6
microcode	: 0x60f
cpu MHz		: 2667.000
cache size	: 3072 KB
physical id	: 0
siblings	: 2
core id		: 0
cpu cores	: 2
apicid		: 0
initial apicid	: 0
fpu		: yes
fpu_exception	: yes
cpuid level	: 10
wp		: yes
flags		: fpu vme de pse tsc msr pae mce cx8 apic sep mtrr pge mca cmov pat pse36 clflush dts acpi mmx fxsr sse sse2 ss ht tm pbe syscall nx lm constant_tsc arch_perfmon pebs bts rep_good nopl aperfmperf pni dtes64 monitor ds_cpl est tm2 ssse3 cx16 xtpr pdcm sse4_1 lahf_lm dtherm
bogomips	: 5319.94
clflush size	: 64
cache_alignment	: 64
address sizes	: 36 bits physical, 48 bits virtual
power management:

processor	: 1
vendor_id	: GenuineIntel
cpu family	: 6
model		: 23
model name	: Intel(R) Core(TM)2 Duo CPU     E7300  @ 2.66GHz
stepping	: 6
microcode	: 0x60f
cpu MHz		: 1600.000
cache size	: 3072 KB
physical id	: 0
siblings	: 2
core id		: 1
cpu cores	: 2
apicid		: 1
initial apicid	: 1
fpu		: yes
fpu_exception	: yes
cpuid level	: 10
wp		: yes
flags		: fpu vme de pse tsc msr pae mce cx8 apic sep mtrr pge mca cmov pat pse36 clflush dts acpi mmx fxsr sse sse2 ss ht tm pbe syscall nx lm constant_tsc arch_perfmon pebs bts rep_good nopl aperfmperf pni dtes64 monitor ds_cpl est tm2 ssse3 cx16 xtpr pdcm sse4_1 lahf_lm dtherm
bogomips	: 5319.94
clflush size	: 64
cache_alignment	: 64
address sizes	: 36 bits physical, 48 bits virtual
power management:



Memory: 4k page, physical 3923816k(192496k free), swap 4192928k(1872460k free)

vm_info: OpenJDK 64-Bit Server VM (23.7-b01) for linux-amd64 JRE (1.7.0_21-b02), built on Apr 24 2013 13:41:53 by "abuild" with gcc 4.7.1 20120723 [gcc-4_7-branch revision 189773]

time: Wed May 15 15:41:07 2013
elapsed time: 978 seconds

